2012/04/19 12:49:29 [error] [exception.CDbException] SQLSTATE[42000] [1049] Unknown database 'blog'
2012/04/19 12:49:30 [error] [exception.CDbException] exception 'CDbException' with message 'CDbConnection failed to open the DB connection.' in D:\inetpub\htdocs\test-task\yii\framework\db\CDbConnection.php:388
Stack trace:
#0 D:\inetpub\htdocs\test-task\yii\framework\db\CDbConnection.php(331): CDbConnection->open()
#1 D:\inetpub\htdocs\test-task\yii\framework\db\CDbConnection.php(309): CDbConnection->setActive(true)
#2 D:\inetpub\htdocs\test-task\yii\framework\base\CModule.php(388): CDbConnection->init()
#3 D:\inetpub\htdocs\test-task\yii\framework\base\CApplication.php(431): CModule->getComponent('db')
#4 D:\inetpub\htdocs\test-task\yii\framework\db\ar\CActiveRecord.php(615): CApplication->getDb()
#5 D:\inetpub\htdocs\test-task\yii\framework\db\ar\CActiveRecord.php(2263): CActiveRecord->getDbConnection()
#6 D:\inetpub\htdocs\test-task\yii\framework\db\ar\CActiveRecord.php(379): CActiveRecordMetaData->__construct(Object(Post))
#7 D:\inetpub\htdocs\test-task\yii\framework\web\CActiveDataProvider.php(75): CActiveRecord::model('Post')
#8 D:\inetpub\htdocs\test-task\yii\demos\blog\protected\controllers\PostController.php(132): CActiveDataProvider->__construct('Post', Array)
#9 D:\inetpub\htdocs\test-task\yii\framework\web\actions\CInlineAction.php(50): PostController->actionIndex()
#10 D:\inetpub\htdocs\test-task\yii\framework\web\CController.php(309): CInlineAction->runWithParams(Array)
#11 D:\inetpub\htdocs\test-task\yii\framework\web\filters\CFilterChain.php(134): CController->runAction(Object(CInlineAction))
#12 D:\inetpub\htdocs\test-task\yii\framework\web\filters\CFilter.php(41): CFilterChain->run()
#13 D:\inetpub\htdocs\test-task\yii\framework\web\CController.php(1146): CFilter->filter(Object(CFilterChain))
#14 D:\inetpub\htdocs\test-task\yii\framework\web\filters\CInlineFilter.php(59): CController->filterAccessControl(Object(CFilterChain))
#15 D:\inetpub\htdocs\test-task\yii\framework\web\filters\CFilterChain.php(131): CInlineFilter->filter(Object(CFilterChain))
#16 D:\inetpub\htdocs\test-task\yii\framework\web\CController.php(292): CFilterChain->run()
#17 D:\inetpub\htdocs\test-task\yii\framework\web\CController.php(266): CController->runActionWithFilters(Object(CInlineAction), Array)
#18 D:\inetpub\htdocs\test-task\yii\framework\web\CWebApplication.php(276): CController->run('index')
#19 D:\inetpub\htdocs\test-task\yii\framework\web\CWebApplication.php(135): CWebApplication->runController('post/index')
#20 D:\inetpub\htdocs\test-task\yii\framework\base\CApplication.php(162): CWebApplication->processRequest()
#21 D:\inetpub\htdocs\test-task\yii\demos\blog\index.php(11): CApplication->run()
#22 {main}
REQUEST_URI=/test-task/yii/demos/blog/index.php/post/index
---
2013/04/27 11:37:35 [error] [exception.CDbException] SQLSTATE[28000] [1045] Access denied for user 'root'@'localhost' (using password: NO)
2013/04/27 11:37:35 [error] [exception.CDbException] exception 'CDbException' with message 'CDbConnection failed to open the DB connection.' in C:\Program Files (x86)\VertrigoServ\www\yii.loc\framework\db\CDbConnection.php:388
Stack trace:
#0 C:\Program Files (x86)\VertrigoServ\www\yii.loc\framework\db\CDbConnection.php(331): CDbConnection->open()
#1 C:\Program Files (x86)\VertrigoServ\www\yii.loc\framework\db\CDbConnection.php(309): CDbConnection->setActive(true)
#2 C:\Program Files (x86)\VertrigoServ\www\yii.loc\framework\base\CModule.php(388): CDbConnection->init()
#3 C:\Program Files (x86)\VertrigoServ\www\yii.loc\framework\base\CApplication.php(431): CModule->getComponent('db')
#4 C:\Program Files (x86)\VertrigoServ\www\yii.loc\framework\db\ar\CActiveRecord.php(615): CApplication->getDb()
#5 C:\Program Files (x86)\VertrigoServ\www\yii.loc\framework\db\ar\CActiveRecord.php(2263): CActiveRecord->getDbConnection()
#6 C:\Program Files (x86)\VertrigoServ\www\yii.loc\framework\db\ar\CActiveRecord.php(379): CActiveRecordMetaData->__construct(Object(Post))
#7 C:\Program Files (x86)\VertrigoServ\www\yii.loc\framework\web\CActiveDataProvider.php(75): CActiveRecord::model('Post')
#8 C:\Program Files (x86)\VertrigoServ\www\yii.loc\demos\blog\protected\controllers\PostController.php(132): CActiveDataProvider->__construct('Post', Array)
#9 C:\Program Files (x86)\VertrigoServ\www\yii.loc\framework\web\actions\CInlineAction.php(50): PostController->actionIndex()
#10 C:\Program Files (x86)\VertrigoServ\www\yii.loc\framework\web\CController.php(309): CInlineAction->runWithParams(Array)
#11 C:\Program Files (x86)\VertrigoServ\www\yii.loc\framework\web\filters\CFilterChain.php(134): CController->runAction(Object(CInlineAction))
#12 C:\Program Files (x86)\VertrigoServ\www\yii.loc\framework\web\filters\CFilter.php(41): CFilterChain->run()
#13 C:\Program Files (x86)\VertrigoServ\www\yii.loc\framework\web\CController.php(1146): CFilter->filter(Object(CFilterChain))
#14 C:\Program Files (x86)\VertrigoServ\www\yii.loc\framework\web\filters\CInlineFilter.php(59): CController->filterAccessControl(Object(CFilterChain))
#15 C:\Program Files (x86)\VertrigoServ\www\yii.loc\framework\web\filters\CFilterChain.php(131): CInlineFilter->filter(Object(CFilterChain))
#16 C:\Program Files (x86)\VertrigoServ\www\yii.loc\framework\web\CController.php(292): CFilterChain->run()
#17 C:\Program Files (x86)\VertrigoServ\www\yii.loc\framework\web\CController.php(266): CController->runActionWithFilters(Object(CInlineAction), Array)
#18 C:\Program Files (x86)\VertrigoServ\www\yii.loc\framework\web\CWebApplication.php(276): CController->run('index')
#19 C:\Program Files (x86)\VertrigoServ\www\yii.loc\framework\web\CWebApplication.php(135): CWebApplication->runController('post/index')
#20 C:\Program Files (x86)\VertrigoServ\www\yii.loc\framework\base\CApplication.php(162): CWebApplication->processRequest()
#21 C:\Program Files (x86)\VertrigoServ\www\yii.loc\demos\blog\index.php(11): CApplication->run()
#22 {main}
REQUEST_URI=/index.php/post/index
HTTP_REFERER=http://www.yii.loc/index.php/post/index
---
2013/04/27 11:37:38 [error] [exception.CDbException] SQLSTATE[28000] [1045] Access denied for user 'root'@'localhost' (using password: NO)
2013/04/27 11:37:38 [error] [exception.CDbException] exception 'CDbException' with message 'CDbConnection failed to open the DB connection.' in C:\Program Files (x86)\VertrigoServ\www\yii.loc\framework\db\CDbConnection.php:388
Stack trace:
#0 C:\Program Files (x86)\VertrigoServ\www\yii.loc\framework\db\CDbConnection.php(331): CDbConnection->open()
#1 C:\Program Files (x86)\VertrigoServ\www\yii.loc\framework\db\CDbConnection.php(309): CDbConnection->setActive(true)
#2 C:\Program Files (x86)\VertrigoServ\www\yii.loc\framework\base\CModule.php(388): CDbConnection->init()
#3 C:\Program Files (x86)\VertrigoServ\www\yii.loc\framework\base\CApplication.php(431): CModule->getComponent('db')
#4 C:\Program Files (x86)\VertrigoServ\www\yii.loc\framework\db\ar\CActiveRecord.php(615): CApplication->getDb()
#5 C:\Program Files (x86)\VertrigoServ\www\yii.loc\framework\db\ar\CActiveRecord.php(2263): CActiveRecord->getDbConnection()
#6 C:\Program Files (x86)\VertrigoServ\www\yii.loc\framework\db\ar\CActiveRecord.php(379): CActiveRecordMetaData->__construct(Object(Post))
#7 C:\Program Files (x86)\VertrigoServ\www\yii.loc\framework\web\CActiveDataProvider.php(75): CActiveRecord::model('Post')
#8 C:\Program Files (x86)\VertrigoServ\www\yii.loc\demos\blog\protected\controllers\PostController.php(132): CActiveDataProvider->__construct('Post', Array)
#9 C:\Program Files (x86)\VertrigoServ\www\yii.loc\framework\web\actions\CInlineAction.php(50): PostController->actionIndex()
#10 C:\Program Files (x86)\VertrigoServ\www\yii.loc\framework\web\CController.php(309): CInlineAction->runWithParams(Array)
#11 C:\Program Files (x86)\VertrigoServ\www\yii.loc\framework\web\filters\CFilterChain.php(134): CController->runAction(Object(CInlineAction))
#12 C:\Program Files (x86)\VertrigoServ\www\yii.loc\framework\web\filters\CFilter.php(41): CFilterChain->run()
#13 C:\Program Files (x86)\VertrigoServ\www\yii.loc\framework\web\CController.php(1146): CFilter->filter(Object(CFilterChain))
#14 C:\Program Files (x86)\VertrigoServ\www\yii.loc\framework\web\filters\CInlineFilter.php(59): CController->filterAccessControl(Object(CFilterChain))
#15 C:\Program Files (x86)\VertrigoServ\www\yii.loc\framework\web\filters\CFilterChain.php(131): CInlineFilter->filter(Object(CFilterChain))
#16 C:\Program Files (x86)\VertrigoServ\www\yii.loc\framework\web\CController.php(292): CFilterChain->run()
#17 C:\Program Files (x86)\VertrigoServ\www\yii.loc\framework\web\CController.php(266): CController->runActionWithFilters(Object(CInlineAction), Array)
#18 C:\Program Files (x86)\VertrigoServ\www\yii.loc\framework\web\CWebApplication.php(276): CController->run('')
#19 C:\Program Files (x86)\VertrigoServ\www\yii.loc\framework\web\CWebApplication.php(135): CWebApplication->runController('')
#20 C:\Program Files (x86)\VertrigoServ\www\yii.loc\framework\base\CApplication.php(162): CWebApplication->processRequest()
#21 C:\Program Files (x86)\VertrigoServ\www\yii.loc\demos\blog\index.php(11): CApplication->run()
#22 {main}
REQUEST_URI=/index.php/
---
2013/04/27 11:37:40 [error] [exception.CDbException] SQLSTATE[28000] [1045] Access denied for user 'root'@'localhost' (using password: NO)
2013/04/27 11:37:40 [error] [exception.CDbException] exception 'CDbException' with message 'CDbConnection failed to open the DB connection.' in C:\Program Files (x86)\VertrigoServ\www\yii.loc\framework\db\CDbConnection.php:388
Stack trace:
#0 C:\Program Files (x86)\VertrigoServ\www\yii.loc\framework\db\CDbConnection.php(331): CDbConnection->open()
#1 C:\Program Files (x86)\VertrigoServ\www\yii.loc\framework\db\CDbConnection.php(309): CDbConnection->setActive(true)
#2 C:\Program Files (x86)\VertrigoServ\www\yii.loc\framework\base\CModule.php(388): CDbConnection->init()
#3 C:\Program Files (x86)\VertrigoServ\www\yii.loc\framework\base\CApplication.php(431): CModule->getComponent('db')
#4 C:\Program Files (x86)\VertrigoServ\www\yii.loc\framework\db\ar\CActiveRecord.php(615): CApplication->getDb()
#5 C:\Program Files (x86)\VertrigoServ\www\yii.loc\framework\db\ar\CActiveRecord.php(2263): CActiveRecord->getDbConnection()
#6 C:\Program Files (x86)\VertrigoServ\www\yii.loc\framework\db\ar\CActiveRecord.php(379): CActiveRecordMetaData->__construct(Object(Post))
#7 C:\Program Files (x86)\VertrigoServ\www\yii.loc\framework\web\CActiveDataProvider.php(75): CActiveRecord::model('Post')
#8 C:\Program Files (x86)\VertrigoServ\www\yii.loc\demos\blog\protected\controllers\PostController.php(132): CActiveDataProvider->__construct('Post', Array)
#9 C:\Program Files (x86)\VertrigoServ\www\yii.loc\framework\web\actions\CInlineAction.php(50): PostController->actionIndex()
#10 C:\Program Files (x86)\VertrigoServ\www\yii.loc\framework\web\CController.php(309): CInlineAction->runWithParams(Array)
#11 C:\Program Files (x86)\VertrigoServ\www\yii.loc\framework\web\filters\CFilterChain.php(134): CController->runAction(Object(CInlineAction))
#12 C:\Program Files (x86)\VertrigoServ\www\yii.loc\framework\web\filters\CFilter.php(41): CFilterChain->run()
#13 C:\Program Files (x86)\VertrigoServ\www\yii.loc\framework\web\CController.php(1146): CFilter->filter(Object(CFilterChain))
#14 C:\Program Files (x86)\VertrigoServ\www\yii.loc\framework\web\filters\CInlineFilter.php(59): CController->filterAccessControl(Object(CFilterChain))
#15 C:\Program Files (x86)\VertrigoServ\www\yii.loc\framework\web\filters\CFilterChain.php(131): CInlineFilter->filter(Object(CFilterChain))
#16 C:\Program Files (x86)\VertrigoServ\www\yii.loc\framework\web\CController.php(292): CFilterChain->run()
#17 C:\Program Files (x86)\VertrigoServ\www\yii.loc\framework\web\CController.php(266): CController->runActionWithFilters(Object(CInlineAction), Array)
#18 C:\Program Files (x86)\VertrigoServ\www\yii.loc\framework\web\CWebApplication.php(276): CController->run('')
#19 C:\Program Files (x86)\VertrigoServ\www\yii.loc\framework\web\CWebApplication.php(135): CWebApplication->runController('')
#20 C:\Program Files (x86)\VertrigoServ\www\yii.loc\framework\base\CApplication.php(162): CWebApplication->processRequest()
#21 C:\Program Files (x86)\VertrigoServ\www\yii.loc\demos\blog\index.php(11): CApplication->run()
#22 {main}
REQUEST_URI=/index.php/
---
2013/04/27 12:10:22 [error] [php] Missing argument 2 for CClientScript::registerScript(), called in C:\Program Files (x86)\VertrigoServ\www\yii.loc\demos\blog\protected\extensions\ChatWidget\views\default.php on line 15 and defined (C:\Program Files (x86)\VertrigoServ\www\yii.loc\framework\web\CClientScript.php:603)
Stack trace:
#0 C:\Program Files (x86)\VertrigoServ\www\yii.loc\framework\web\CBaseController.php(96): CChatWidget->renderInternal()
#1 C:\Program Files (x86)\VertrigoServ\www\yii.loc\framework\web\widgets\CWidget.php(244): CChatWidget->renderFile()
#2 C:\Program Files (x86)\VertrigoServ\www\yii.loc\demos\blog\protected\extensions\ChatWidget\CChatWidget.php(26): CChatWidget->render()
#3 C:\Program Files (x86)\VertrigoServ\www\yii.loc\framework\web\CBaseController.php(174): CChatWidget->run()
#4 C:\Program Files (x86)\VertrigoServ\www\yii.loc\demos\blog\protected\views\layouts\main.php(24): PostController->widget()
#5 C:\Program Files (x86)\VertrigoServ\www\yii.loc\framework\web\CBaseController.php(127): require()
#6 C:\Program Files (x86)\VertrigoServ\www\yii.loc\framework\web\CBaseController.php(96): PostController->renderInternal()
#7 C:\Program Files (x86)\VertrigoServ\www\yii.loc\framework\web\widgets\CContentDecorator.php(77): PostController->renderFile()
#8 C:\Program Files (x86)\VertrigoServ\www\yii.loc\framework\web\widgets\CContentDecorator.php(55): CContentDecorator->decorate()
#9 C:\Program Files (x86)\VertrigoServ\www\yii.loc\framework\web\widgets\COutputProcessor.php(45): CContentDecorator->processOutput()
#10 C:\Program Files (x86)\VertrigoServ\www\yii.loc\framework\web\CBaseController.php(207): CContentDecorator->run()
#11 C:\Program Files (x86)\VertrigoServ\www\yii.loc\framework\web\CBaseController.php(301): PostController->endWidget()
#12 C:\Program Files (x86)\VertrigoServ\www\yii.loc\demos\blog\protected\views\layouts\column2.php(22): PostController->endContent()
#13 C:\Program Files (x86)\VertrigoServ\www\yii.loc\framework\web\CBaseController.php(127): require()
#14 C:\Program Files (x86)\VertrigoServ\www\yii.loc\framework\web\CBaseController.php(96): PostController->renderInternal()
#15 C:\Program Files (x86)\VertrigoServ\www\yii.loc\framework\web\CController.php(785): PostController->renderFile()
#16 C:\Program Files (x86)\VertrigoServ\www\yii.loc\demos\blog\protected\controllers\PostController.php(136): PostController->render()
#17 C:\Program Files (x86)\VertrigoServ\www\yii.loc\framework\web\actions\CInlineAction.php(50): PostController->actionIndex()
#18 C:\Program Files (x86)\VertrigoServ\www\yii.loc\framework\web\CController.php(309): CInlineAction->runWithParams()
#19 C:\Program Files (x86)\VertrigoServ\www\yii.loc\framework\web\filters\CFilterChain.php(134): PostController->runAction()
#20 C:\Program Files (x86)\VertrigoServ\www\yii.loc\framework\web\filters\CFilter.php(41): CFilterChain->run()
#21 C:\Program Files (x86)\VertrigoServ\www\yii.loc\framework\web\CController.php(1146): CAccessControlFilter->filter()
#22 C:\Program Files (x86)\VertrigoServ\www\yii.loc\framework\web\filters\CInlineFilter.php(59): PostController->filterAccessControl()
#23 C:\Program Files (x86)\VertrigoServ\www\yii.loc\framework\web\filters\CFilterChain.php(131): CInlineFilter->filter()
#24 C:\Program Files (x86)\VertrigoServ\www\yii.loc\framework\web\CController.php(292): CFilterChain->run()
#25 C:\Program Files (x86)\VertrigoServ\www\yii.loc\framework\web\CController.php(266): PostController->runActionWithFilters()
#26 C:\Program Files (x86)\VertrigoServ\www\yii.loc\framework\web\CWebApplication.php(276): PostController->run()
#27 C:\Program Files (x86)\VertrigoServ\www\yii.loc\framework\web\CWebApplication.php(135): CWebApplication->runController()
#28 C:\Program Files (x86)\VertrigoServ\www\yii.loc\framework\base\CApplication.php(162): CWebApplication->processRequest()
#29 C:\Program Files (x86)\VertrigoServ\www\yii.loc\demos\blog\index.php(11): CWebApplication->run()
REQUEST_URI=/index.php/
2013/04/27 13:57:36 [error] [exception.CHttpException.404] exception 'CHttpException' with message 'The system is unable to find the requested action "index.php".' in C:\Program Files (x86)\VertrigoServ\www\yii.loc\framework\web\CController.php:484
Stack trace:
#0 C:\Program Files (x86)\VertrigoServ\www\yii.loc\framework\web\CController.php(271): CController->missingAction('index.php')
#1 C:\Program Files (x86)\VertrigoServ\www\yii.loc\framework\web\CWebApplication.php(276): CController->run('index.php')
#2 C:\Program Files (x86)\VertrigoServ\www\yii.loc\framework\web\CWebApplication.php(135): CWebApplication->runController('site/index.php/...')
#3 C:\Program Files (x86)\VertrigoServ\www\yii.loc\framework\base\CApplication.php(162): CWebApplication->processRequest()
#4 C:\Program Files (x86)\VertrigoServ\www\yii.loc\demos\blog\index.php(11): CApplication->run()
#5 {main}
REQUEST_URI=/index.php/site/index.php/chat/getMessages
HTTP_REFERER=http://www.yii.loc/index.php/site/contact
---
2013/04/27 13:57:41 [error] [exception.CHttpException.404] exception 'CHttpException' with message 'The system is unable to find the requested action "index.php".' in C:\Program Files (x86)\VertrigoServ\www\yii.loc\framework\web\CController.php:484
Stack trace:
#0 C:\Program Files (x86)\VertrigoServ\www\yii.loc\framework\web\CController.php(271): CController->missingAction('index.php')
#1 C:\Program Files (x86)\VertrigoServ\www\yii.loc\framework\web\CWebApplication.php(276): CController->run('index.php')
#2 C:\Program Files (x86)\VertrigoServ\www\yii.loc\framework\web\CWebApplication.php(135): CWebApplication->runController('site/index.php/...')
#3 C:\Program Files (x86)\VertrigoServ\www\yii.loc\framework\base\CApplication.php(162): CWebApplication->processRequest()
#4 C:\Program Files (x86)\VertrigoServ\www\yii.loc\demos\blog\index.php(11): CApplication->run()
#5 {main}
REQUEST_URI=/index.php/site/index.php/chat/sendMessage
HTTP_REFERER=http://www.yii.loc/index.php/site/contact
---
2013/04/27 13:57:44 [error] [exception.CHttpException.404] exception 'CHttpException' with message 'The system is unable to find the requested action "index.php".' in C:\Program Files (x86)\VertrigoServ\www\yii.loc\framework\web\CController.php:484
Stack trace:
#0 C:\Program Files (x86)\VertrigoServ\www\yii.loc\framework\web\CController.php(271): CController->missingAction('index.php')
#1 C:\Program Files (x86)\VertrigoServ\www\yii.loc\framework\web\CWebApplication.php(276): CController->run('index.php')
#2 C:\Program Files (x86)\VertrigoServ\www\yii.loc\framework\web\CWebApplication.php(135): CWebApplication->runController('site/index.php/...')
#3 C:\Program Files (x86)\VertrigoServ\www\yii.loc\framework\base\CApplication.php(162): CWebApplication->processRequest()
#4 C:\Program Files (x86)\VertrigoServ\www\yii.loc\demos\blog\index.php(11): CApplication->run()
#5 {main}
REQUEST_URI=/index.php/site/index.php/chat/sendMessage
HTTP_REFERER=http://www.yii.loc/index.php/site/contact
---
2013/04/27 13:57:53 [error] [system.db.CDbCommand] CDbCommand::fetchAll() failed: SQLSTATE[42S02]: Base table or view not found: 1146 Table 'yii.tbl_users' doesn't exist. The SQL statement executed was: SELECT `t1`.*, `t2`.`username`, DATE_FORMAT(t1.sended, '%m/%e/%Y, %k:%i:%s') as sended
FROM `tbl_chat` `t1`
LEFT JOIN `tbl_users` `t2` ON t1.id_sender = t2.id
WHERE (t1.id > :id)
ORDER BY `t1`.`id` DESC LIMIT 15.
2013/04/27 13:57:53 [error] [exception.CDbException] exception 'CDbException' with message 'CDbCommand failed to execute the SQL statement: SQLSTATE[42S02]: Base table or view not found: 1146 Table 'yii.tbl_users' doesn't exist' in C:\Program Files (x86)\VertrigoServ\www\yii.loc\framework\db\CDbCommand.php:528
Stack trace:
#0 C:\Program Files (x86)\VertrigoServ\www\yii.loc\framework\db\CDbCommand.php(390): CDbCommand->queryInternal('fetchAll', Array, Array)
#1 C:\Program Files (x86)\VertrigoServ\www\yii.loc\demos\blog\protected\models\Chat.php(139): CDbCommand->queryAll()
#2 C:\Program Files (x86)\VertrigoServ\www\yii.loc\demos\blog\protected\controllers\ChatController.php(12): Chat->getLastMessages(0)
#3 C:\Program Files (x86)\VertrigoServ\www\yii.loc\framework\web\actions\CInlineAction.php(50): ChatController->actionGetMessages()
#4 C:\Program Files (x86)\VertrigoServ\www\yii.loc\framework\web\CController.php(309): CInlineAction->runWithParams(Array)
#5 C:\Program Files (x86)\VertrigoServ\www\yii.loc\framework\web\filters\CFilterChain.php(134): CController->runAction(Object(CInlineAction))
#6 C:\Program Files (x86)\VertrigoServ\www\yii.loc\framework\web\filters\CFilter.php(41): CFilterChain->run()
#7 C:\Program Files (x86)\VertrigoServ\www\yii.loc\framework\web\CController.php(1146): CFilter->filter(Object(CFilterChain))
#8 C:\Program Files (x86)\VertrigoServ\www\yii.loc\framework\web\filters\CInlineFilter.php(59): CController->filterAccessControl(Object(CFilterChain))
#9 C:\Program Files (x86)\VertrigoServ\www\yii.loc\framework\web\filters\CFilterChain.php(131): CInlineFilter->filter(Object(CFilterChain))
#10 C:\Program Files (x86)\VertrigoServ\www\yii.loc\framework\web\CController.php(292): CFilterChain->run()
#11 C:\Program Files (x86)\VertrigoServ\www\yii.loc\framework\web\CController.php(266): CController->runActionWithFilters(Object(CInlineAction), Array)
#12 C:\Program Files (x86)\VertrigoServ\www\yii.loc\framework\web\CWebApplication.php(276): CController->run('getMessages')
#13 C:\Program Files (x86)\VertrigoServ\www\yii.loc\framework\web\CWebApplication.php(135): CWebApplication->runController('chat/getMessage...')
#14 C:\Program Files (x86)\VertrigoServ\www\yii.loc\framework\base\CApplication.php(162): CWebApplication->processRequest()
#15 C:\Program Files (x86)\VertrigoServ\www\yii.loc\demos\blog\index.php(11): CApplication->run()
#16 {main}
REQUEST_URI=/index.php/chat/getMessages
HTTP_REFERER=http://www.yii.loc/?r=chat/getMessages
---
2013/04/27 13:57:54 [error] [system.db.CDbCommand] CDbCommand::fetchAll() failed: SQLSTATE[42S02]: Base table or view not found: 1146 Table 'yii.tbl_users' doesn't exist. The SQL statement executed was: SELECT `t1`.*, `t2`.`username`, DATE_FORMAT(t1.sended, '%m/%e/%Y, %k:%i:%s') as sended
FROM `tbl_chat` `t1`
LEFT JOIN `tbl_users` `t2` ON t1.id_sender = t2.id
WHERE (t1.id > :id)
ORDER BY `t1`.`id` DESC LIMIT 15.
2013/04/27 13:57:54 [error] [exception.CDbException] exception 'CDbException' with message 'CDbCommand failed to execute the SQL statement: SQLSTATE[42S02]: Base table or view not found: 1146 Table 'yii.tbl_users' doesn't exist' in C:\Program Files (x86)\VertrigoServ\www\yii.loc\framework\db\CDbCommand.php:528
Stack trace:
#0 C:\Program Files (x86)\VertrigoServ\www\yii.loc\framework\db\CDbCommand.php(390): CDbCommand->queryInternal('fetchAll', Array, Array)
#1 C:\Program Files (x86)\VertrigoServ\www\yii.loc\demos\blog\protected\models\Chat.php(139): CDbCommand->queryAll()
#2 C:\Program Files (x86)\VertrigoServ\www\yii.loc\demos\blog\protected\controllers\ChatController.php(12): Chat->getLastMessages(0)
#3 C:\Program Files (x86)\VertrigoServ\www\yii.loc\framework\web\actions\CInlineAction.php(50): ChatController->actionGetMessages()
#4 C:\Program Files (x86)\VertrigoServ\www\yii.loc\framework\web\CController.php(309): CInlineAction->runWithParams(Array)
#5 C:\Program Files (x86)\VertrigoServ\www\yii.loc\framework\web\filters\CFilterChain.php(134): CController->runAction(Object(CInlineAction))
#6 C:\Program Files (x86)\VertrigoServ\www\yii.loc\framework\web\filters\CFilter.php(41): CFilterChain->run()
#7 C:\Program Files (x86)\VertrigoServ\www\yii.loc\framework\web\CController.php(1146): CFilter->filter(Object(CFilterChain))
#8 C:\Program Files (x86)\VertrigoServ\www\yii.loc\framework\web\filters\CInlineFilter.php(59): CController->filterAccessControl(Object(CFilterChain))
#9 C:\Program Files (x86)\VertrigoServ\www\yii.loc\framework\web\filters\CFilterChain.php(131): CInlineFilter->filter(Object(CFilterChain))
#10 C:\Program Files (x86)\VertrigoServ\www\yii.loc\framework\web\CController.php(292): CFilterChain->run()
#11 C:\Program Files (x86)\VertrigoServ\www\yii.loc\framework\web\CController.php(266): CController->runActionWithFilters(Object(CInlineAction), Array)
#12 C:\Program Files (x86)\VertrigoServ\www\yii.loc\framework\web\CWebApplication.php(276): CController->run('getMessages')
#13 C:\Program Files (x86)\VertrigoServ\www\yii.loc\framework\web\CWebApplication.php(135): CWebApplication->runController('chat/getMessage...')
#14 C:\Program Files (x86)\VertrigoServ\www\yii.loc\framework\base\CApplication.php(162): CWebApplication->processRequest()
#15 C:\Program Files (x86)\VertrigoServ\www\yii.loc\demos\blog\index.php(11): CApplication->run()
#16 {main}
REQUEST_URI=/index.php/chat/getMessages
HTTP_REFERER=http://www.yii.loc/?r=chat/getMessages
---
2013/04/27 13:59:43 [error] [php] Undefined index: text (C:\Program Files (x86)\VertrigoServ\www\yii.loc\demos\blog\protected\controllers\ChatController.php:27)
Stack trace:
#0 C:\Program Files (x86)\VertrigoServ\www\yii.loc\framework\web\filters\CFilterChain.php(134): ChatController->runAction()
#1 C:\Program Files (x86)\VertrigoServ\www\yii.loc\framework\web\filters\CFilter.php(41): CFilterChain->run()
#2 C:\Program Files (x86)\VertrigoServ\www\yii.loc\framework\web\CController.php(1146): CAccessControlFilter->filter()
#3 C:\Program Files (x86)\VertrigoServ\www\yii.loc\framework\web\filters\CInlineFilter.php(59): ChatController->filterAccessControl()
#4 C:\Program Files (x86)\VertrigoServ\www\yii.loc\framework\web\filters\CFilterChain.php(131): CInlineFilter->filter()
#5 C:\Program Files (x86)\VertrigoServ\www\yii.loc\framework\web\CController.php(292): CFilterChain->run()
#6 C:\Program Files (x86)\VertrigoServ\www\yii.loc\framework\web\CController.php(266): ChatController->runActionWithFilters()
#7 C:\Program Files (x86)\VertrigoServ\www\yii.loc\framework\web\CWebApplication.php(276): ChatController->run()
#8 C:\Program Files (x86)\VertrigoServ\www\yii.loc\framework\web\CWebApplication.php(135): CWebApplication->runController()
#9 C:\Program Files (x86)\VertrigoServ\www\yii.loc\framework\base\CApplication.php(162): CWebApplication->processRequest()
#10 C:\Program Files (x86)\VertrigoServ\www\yii.loc\demos\blog\index.php(11): CWebApplication->run()
REQUEST_URI=/index.php/chat/sendMessage
2013/04/27 14:00:19 [error] [exception.CDbException] exception 'CDbException' with message 'The active record cannot be inserted to database because it is not new.' in C:\Program Files (x86)\VertrigoServ\www\yii.loc\framework\db\ar\CActiveRecord.php:1007
Stack trace:
#0 C:\Program Files (x86)\VertrigoServ\www\yii.loc\demos\blog\protected\models\Chat.php(145): CActiveRecord->insert()
#1 C:\Program Files (x86)\VertrigoServ\www\yii.loc\demos\blog\protected\controllers\ChatController.php(32): Chat->storeMessage(Array)
#2 C:\Program Files (x86)\VertrigoServ\www\yii.loc\framework\web\actions\CInlineAction.php(50): ChatController->actionSendMessage()
#3 C:\Program Files (x86)\VertrigoServ\www\yii.loc\framework\web\CController.php(309): CInlineAction->runWithParams(Array)
#4 C:\Program Files (x86)\VertrigoServ\www\yii.loc\framework\web\filters\CFilterChain.php(134): CController->runAction(Object(CInlineAction))
#5 C:\Program Files (x86)\VertrigoServ\www\yii.loc\framework\web\filters\CFilter.php(41): CFilterChain->run()
#6 C:\Program Files (x86)\VertrigoServ\www\yii.loc\framework\web\CController.php(1146): CFilter->filter(Object(CFilterChain))
#7 C:\Program Files (x86)\VertrigoServ\www\yii.loc\framework\web\filters\CInlineFilter.php(59): CController->filterAccessControl(Object(CFilterChain))
#8 C:\Program Files (x86)\VertrigoServ\www\yii.loc\framework\web\filters\CFilterChain.php(131): CInlineFilter->filter(Object(CFilterChain))
#9 C:\Program Files (x86)\VertrigoServ\www\yii.loc\framework\web\CController.php(292): CFilterChain->run()
#10 C:\Program Files (x86)\VertrigoServ\www\yii.loc\framework\web\CController.php(266): CController->runActionWithFilters(Object(CInlineAction), Array)
#11 C:\Program Files (x86)\VertrigoServ\www\yii.loc\framework\web\CWebApplication.php(276): CController->run('sendMessage')
#12 C:\Program Files (x86)\VertrigoServ\www\yii.loc\framework\web\CWebApplication.php(135): CWebApplication->runController('chat/sendMessag...')
#13 C:\Program Files (x86)\VertrigoServ\www\yii.loc\framework\base\CApplication.php(162): CWebApplication->processRequest()
#14 C:\Program Files (x86)\VertrigoServ\www\yii.loc\demos\blog\index.php(11): CApplication->run()
#15 {main}
REQUEST_URI=/index.php/chat/sendMessage
HTTP_REFERER=http://www.yii.loc/?r=chat/getMessages
---
2013/04/27 14:06:59 [error] [exception.CHttpException.404] exception 'CHttpException' with message 'The system is unable to find the requested action "index.php".' in C:\Program Files (x86)\VertrigoServ\www\yii.loc\framework\web\CController.php:484
Stack trace:
#0 C:\Program Files (x86)\VertrigoServ\www\yii.loc\framework\web\CController.php(271): CController->missingAction('index.php')
#1 C:\Program Files (x86)\VertrigoServ\www\yii.loc\framework\web\CWebApplication.php(276): CController->run('index.php')
#2 C:\Program Files (x86)\VertrigoServ\www\yii.loc\framework\web\CWebApplication.php(135): CWebApplication->runController('site/index.php/...')
#3 C:\Program Files (x86)\VertrigoServ\www\yii.loc\framework\base\CApplication.php(162): CWebApplication->processRequest()
#4 C:\Program Files (x86)\VertrigoServ\www\yii.loc\demos\blog\index.php(11): CApplication->run()
#5 {main}
REQUEST_URI=/index.php/site/index.php/chat/getMessages
HTTP_REFERER=http://www.yii.loc/index.php/site/login
---
2013/04/27 15:00:35 [error] [exception.CHttpException.404] exception 'CHttpException' with message 'The system is unable to find the requested action "index.php".' in C:\Program Files (x86)\VertrigoServ\www\yii.loc\framework\web\CController.php:484
Stack trace:
#0 C:\Program Files (x86)\VertrigoServ\www\yii.loc\framework\web\CController.php(271): CController->missingAction('index.php')
#1 C:\Program Files (x86)\VertrigoServ\www\yii.loc\framework\web\CWebApplication.php(276): CController->run('index.php')
#2 C:\Program Files (x86)\VertrigoServ\www\yii.loc\framework\web\CWebApplication.php(135): CWebApplication->runController('site/index.php/...')
#3 C:\Program Files (x86)\VertrigoServ\www\yii.loc\framework\base\CApplication.php(162): CWebApplication->processRequest()
#4 C:\Program Files (x86)\VertrigoServ\www\yii.loc\demos\blog\index.php(11): CApplication->run()
#5 {main}
REQUEST_URI=/index.php/site/index.php/chat/getMessages
HTTP_REFERER=http://www.yii.loc/index.php/site/contact
---
